<?xml version="1.0" encoding="UTF-8"?>
<TestRun id="03bf6493-be7b-44b3-9e5a-d0ec4f35c95e" name="GigurdA@GIGURDA-PC 2012-10-07 16:50:59" runUser="GigurdA-PC\GigurdA" xmlns="http://microsoft.com/schemas/VisualStudio/TeamTest/2010">
  <TestSettings name="Local" id="8cf9a588-b456-4c91-8377-342f185a80d4">
    <Description>These are default test settings for a local test run.</Description>
    <Deployment enabled="false" runDeploymentRoot="GigurdA_GIGURDA-PC 2012-10-07 16_50_59">
      <DeploymentItem filename="C:\Users\GigurdA\Dropbox\Programmesana\C#\3kurss\Console\Sudoku_Solver\Sudoku_Solver\bin\Debug\Sudoku_Solver.exe" />
    </Deployment>
    <Execution>
      <TestTypeSpecific />
      <AgentRule name="Execution Agents">
      </AgentRule>
    </Execution>
  </TestSettings>
  <Times creation="2012-10-07T16:50:59.1852733+03:00" queuing="2012-10-07T16:51:00.5453251+03:00" start="2012-10-07T16:51:00.6857254+03:00" finish="2012-10-07T16:51:01.5125268+03:00" />
  <ResultSummary outcome="Failed">
    <Counters total="1" executed="1" error="0" failed="1" timeout="0" aborted="0" inconclusive="0" passedButRunAborted="0" notRunnable="0" notExecuted="0" disconnected="0" warning="0" passed="0" completed="0" inProgress="0" pending="0" />
  </ResultSummary>
  <TestDefinitions>
    <UnitTest name="CheckEachRowForDuplicatesTest" storage="c:\users\gigurda\dropbox\programmesana\c#\3kurss\console\sudoku_solver\testsudokusolver\bin\debug\testsudokusolver.dll" id="3b7f2b90-4b1c-3b0d-cb89-388b447ad9d8">
      <Execution id="5f972531-faea-45af-acf3-8b1525c4eff1" />
      <TestMethod codeBase="C:/Users/GigurdA/Dropbox/Programmesana/C#/3kurss/Console/Sudoku_Solver/TestSudokuSolver/bin/Debug/TestSudokuSolver.DLL" adapterTypeName="Microsoft.VisualStudio.TestTools.TestTypes.Unit.UnitTestAdapter, Microsoft.VisualStudio.QualityTools.Tips.UnitTest.Adapter, Version=10.0.0.0, Culture=neutral, PublicKeyToken=b03f5f7f11d50a3a" className="TestSudokuSolver.ProgramTest, TestSudokuSolver, Version=1.0.0.0, Culture=neutral, PublicKeyToken=null" name="CheckEachRowForDuplicatesTest" />
    </UnitTest>
  </TestDefinitions>
  <TestLists>
    <TestList name="Results Not in a List" id="8c84fa94-04c1-424b-9868-57a2d4851a1d" />
    <TestList name="All Loaded Results" id="19431567-8539-422a-85d7-44ee4e166bda" />
  </TestLists>
  <TestEntries>
    <TestEntry testId="3b7f2b90-4b1c-3b0d-cb89-388b447ad9d8" executionId="5f972531-faea-45af-acf3-8b1525c4eff1" testListId="8c84fa94-04c1-424b-9868-57a2d4851a1d" />
  </TestEntries>
  <Results>
    <UnitTestResult executionId="5f972531-faea-45af-acf3-8b1525c4eff1" testId="3b7f2b90-4b1c-3b0d-cb89-388b447ad9d8" testName="CheckEachRowForDuplicatesTest" computerName="GIGURDA-PC" duration="00:00:00.1197556" startTime="2012-10-07T16:51:00.7013254+03:00" endTime="2012-10-07T16:51:01.4501267+03:00" testType="13cdc9d9-ddb5-4fa4-a97d-d965ccfc6d4b" outcome="Failed" testListId="8c84fa94-04c1-424b-9868-57a2d4851a1d" relativeResultsDirectory="5f972531-faea-45af-acf3-8b1525c4eff1">
      <Output>
        <ErrorInfo>
          <Message>Test method TestSudokuSolver.ProgramTest.CheckEachRowForDuplicatesTest threw exception: 
System.NullReferenceException: Object reference not set to an instance of an object.</Message>
          <StackTrace>    at Sudoku_Solver.Program.CheckEachRowForDuplicates() in C:\Users\GigurdA\Dropbox\Programmesana\C#\3kurss\Console\Sudoku_Solver\Sudoku_Solver\Program.cs:line 160
   at TestSudokuSolver.ProgramTest.CheckEachRowForDuplicatesTest() in C:\Users\GigurdA\Dropbox\Programmesana\C#\3kurss\Console\Sudoku_Solver\TestSudokuSolver\ProgramTest.cs:line 58
</StackTrace>
        </ErrorInfo>
      </Output>
    </UnitTestResult>
  </Results>
</TestRun>