<?xml version="1.0" encoding="UTF-8"?>
<TestRun id="79acaef1-34e0-4c6f-b122-ce713e3199ee" name="GigurdA@GIGURDA-PC 2012-10-07 17:09:13" runUser="GigurdA-PC\GigurdA" xmlns="http://microsoft.com/schemas/VisualStudio/TeamTest/2010">
  <TestSettings name="Local" id="8cf9a588-b456-4c91-8377-342f185a80d4">
    <Description>These are default test settings for a local test run.</Description>
    <Deployment enabled="false" runDeploymentRoot="GigurdA_GIGURDA-PC 2012-10-07 17_09_13">
      <DeploymentItem filename="C:\Users\GigurdA\Dropbox\Programmesana\C#\3kurss\Console\Sudoku_Solver\Sudoku_Solver\bin\Debug\Sudoku_Solver.exe" />
    </Deployment>
    <Execution>
      <TestTypeSpecific />
      <AgentRule name="Execution Agents">
      </AgentRule>
    </Execution>
  </TestSettings>
  <Times creation="2012-10-07T17:09:13.2032336+03:00" queuing="2012-10-07T17:09:13.2500337+03:00" start="2012-10-07T17:09:13.2500337+03:00" finish="2012-10-07T17:09:13.5464342+03:00" />
  <ResultSummary outcome="Completed">
    <Counters total="2" executed="2" passed="2" error="0" failed="0" timeout="0" aborted="0" inconclusive="0" passedButRunAborted="0" notRunnable="0" notExecuted="0" disconnected="0" warning="0" completed="0" inProgress="0" pending="0" />
  </ResultSummary>
  <TestDefinitions>
    <UnitTest name="CheckEachRowForDuplicatesTest_DUplicatesFound" storage="c:\users\gigurda\dropbox\programmesana\c#\3kurss\console\sudoku_solver\testsudokusolver\bin\debug\testsudokusolver.dll" id="7ed35f10-f6e4-9084-ddd4-6c66490d82c5">
      <Execution id="8474af3c-ccd9-4917-9170-c9833d6b263b" />
      <TestMethod codeBase="C:/Users/GigurdA/Dropbox/Programmesana/C#/3kurss/Console/Sudoku_Solver/TestSudokuSolver/bin/Debug/TestSudokuSolver.DLL" adapterTypeName="Microsoft.VisualStudio.TestTools.TestTypes.Unit.UnitTestAdapter, Microsoft.VisualStudio.QualityTools.Tips.UnitTest.Adapter, Version=10.0.0.0, Culture=neutral, PublicKeyToken=b03f5f7f11d50a3a" className="TestSudokuSolver.ProgramTest, TestSudokuSolver, Version=1.0.0.0, Culture=neutral, PublicKeyToken=null" name="CheckEachRowForDuplicatesTest_DUplicatesFound" />
    </UnitTest>
    <UnitTest name="CheckEachRowForDuplicatesTest_Successfull" storage="c:\users\gigurda\dropbox\programmesana\c#\3kurss\console\sudoku_solver\testsudokusolver\bin\debug\testsudokusolver.dll" id="8c2c8bee-7a66-328b-6d70-ada4cac30e10">
      <Execution id="b67d0585-e459-48fd-b6e1-bdc25254d977" />
      <TestMethod codeBase="C:/Users/GigurdA/Dropbox/Programmesana/C#/3kurss/Console/Sudoku_Solver/TestSudokuSolver/bin/Debug/TestSudokuSolver.DLL" adapterTypeName="Microsoft.VisualStudio.TestTools.TestTypes.Unit.UnitTestAdapter, Microsoft.VisualStudio.QualityTools.Tips.UnitTest.Adapter, Version=10.0.0.0, Culture=neutral, PublicKeyToken=b03f5f7f11d50a3a" className="TestSudokuSolver.ProgramTest, TestSudokuSolver, Version=1.0.0.0, Culture=neutral, PublicKeyToken=null" name="CheckEachRowForDuplicatesTest_Successfull" />
    </UnitTest>
  </TestDefinitions>
  <TestLists>
    <TestList name="Results Not in a List" id="8c84fa94-04c1-424b-9868-57a2d4851a1d" />
    <TestList name="All Loaded Results" id="19431567-8539-422a-85d7-44ee4e166bda" />
  </TestLists>
  <TestEntries>
    <TestEntry testId="7ed35f10-f6e4-9084-ddd4-6c66490d82c5" executionId="8474af3c-ccd9-4917-9170-c9833d6b263b" testListId="8c84fa94-04c1-424b-9868-57a2d4851a1d" />
    <TestEntry testId="8c2c8bee-7a66-328b-6d70-ada4cac30e10" executionId="b67d0585-e459-48fd-b6e1-bdc25254d977" testListId="8c84fa94-04c1-424b-9868-57a2d4851a1d" />
  </TestEntries>
  <Results>
    <UnitTestResult executionId="8474af3c-ccd9-4917-9170-c9833d6b263b" testId="7ed35f10-f6e4-9084-ddd4-6c66490d82c5" testName="CheckEachRowForDuplicatesTest_DUplicatesFound" computerName="GIGURDA-PC" duration="00:00:00.0220094" startTime="2012-10-07T17:09:13.2812337+03:00" endTime="2012-10-07T17:09:13.4996341+03:00" testType="13cdc9d9-ddb5-4fa4-a97d-d965ccfc6d4b" outcome="Passed" testListId="8c84fa94-04c1-424b-9868-57a2d4851a1d" relativeResultsDirectory="8474af3c-ccd9-4917-9170-c9833d6b263b">
    </UnitTestResult>
    <UnitTestResult executionId="b67d0585-e459-48fd-b6e1-bdc25254d977" testId="8c2c8bee-7a66-328b-6d70-ada4cac30e10" testName="CheckEachRowForDuplicatesTest_Successfull" computerName="GIGURDA-PC" duration="00:00:00.0004101" startTime="2012-10-07T17:09:13.5152342+03:00" endTime="2012-10-07T17:09:13.5152342+03:00" testType="13cdc9d9-ddb5-4fa4-a97d-d965ccfc6d4b" outcome="Passed" testListId="8c84fa94-04c1-424b-9868-57a2d4851a1d" relativeResultsDirectory="b67d0585-e459-48fd-b6e1-bdc25254d977">
    </UnitTestResult>
  </Results>
</TestRun>