<?xml version="1.0" encoding="UTF-8"?>
<TestRun id="0890c446-2d63-4404-8d8b-0b03e571825c" name="GigurdA@GIGURDA-PC 2012-10-10 13:32:24" runUser="GigurdA-PC\GigurdA" xmlns="http://microsoft.com/schemas/VisualStudio/TeamTest/2010">
  <TestSettings name="Local" id="8cf9a588-b456-4c91-8377-342f185a80d4">
    <Description>These are default test settings for a local test run.</Description>
    <Deployment enabled="false" runDeploymentRoot="GigurdA_GIGURDA-PC 2012-10-10 13_32_24">
      <DeploymentItem filename="C:\Users\GigurdA\Dropbox\Programmesana\C#\3kurss\Console\Sudoku_Solver\Sudoku_Solver\bin\Release\Sudoku_Solver.exe" />
    </Deployment>
    <Execution>
      <TestTypeSpecific />
      <AgentRule name="Execution Agents">
      </AgentRule>
    </Execution>
  </TestSettings>
  <Times creation="2012-10-10T13:32:25.0044556+03:00" queuing="2012-10-10T13:32:26.4625390+03:00" start="2012-10-10T13:32:29.5977184+03:00" finish="2012-10-10T13:32:35.3410469+03:00" />
  <ResultSummary outcome="Failed">
    <Counters total="1" executed="1" error="0" failed="1" timeout="0" aborted="0" inconclusive="0" passedButRunAborted="0" notRunnable="0" notExecuted="0" disconnected="0" warning="0" passed="0" completed="0" inProgress="0" pending="0" />
  </ResultSummary>
  <TestDefinitions>
    <UnitTest name="CheckBlockOnUniqueNumberInBuffer" storage="c:\users\gigurda\dropbox\programmesana\c#\3kurss\console\sudoku_solver\testsudokusolver\bin\release\testsudokusolver.dll" id="3f5bcb43-510b-7191-8617-86a7f6a69e9c">
      <Execution id="ea60ac7f-55b1-4ee5-b95c-75c93c0feb93" />
      <TestMethod codeBase="C:/Users/GigurdA/Dropbox/Programmesana/C#/3kurss/Console/Sudoku_Solver/TestSudokuSolver/bin/Release/TestSudokuSolver.DLL" adapterTypeName="Microsoft.VisualStudio.TestTools.TestTypes.Unit.UnitTestAdapter, Microsoft.VisualStudio.QualityTools.Tips.UnitTest.Adapter, Version=10.0.0.0, Culture=neutral, PublicKeyToken=b03f5f7f11d50a3a" className="TestSudokuSolver.ProgramTest, TestSudokuSolver, Version=1.0.0.0, Culture=neutral, PublicKeyToken=null" name="CheckBlockOnUniqueNumberInBuffer" />
    </UnitTest>
  </TestDefinitions>
  <TestLists>
    <TestList name="Results Not in a List" id="8c84fa94-04c1-424b-9868-57a2d4851a1d" />
    <TestList name="All Loaded Results" id="19431567-8539-422a-85d7-44ee4e166bda" />
  </TestLists>
  <TestEntries>
    <TestEntry testId="3f5bcb43-510b-7191-8617-86a7f6a69e9c" executionId="ea60ac7f-55b1-4ee5-b95c-75c93c0feb93" testListId="8c84fa94-04c1-424b-9868-57a2d4851a1d" />
  </TestEntries>
  <Results>
    <UnitTestResult executionId="ea60ac7f-55b1-4ee5-b95c-75c93c0feb93" testId="3f5bcb43-510b-7191-8617-86a7f6a69e9c" testName="CheckBlockOnUniqueNumberInBuffer" computerName="GIGURDA-PC" duration="00:00:00.5768156" startTime="2012-10-10T13:32:30.2587562+03:00" endTime="2012-10-10T13:32:34.9010217+03:00" testType="13cdc9d9-ddb5-4fa4-a97d-d965ccfc6d4b" outcome="Failed" testListId="8c84fa94-04c1-424b-9868-57a2d4851a1d" relativeResultsDirectory="ea60ac7f-55b1-4ee5-b95c-75c93c0feb93">
      <Output>
        <ErrorInfo>
          <Message>Assert.AreEqual failed. Expected:&lt;3&gt;. Actual:&lt;1&gt;. </Message>
          <StackTrace>   at TestSudokuSolver.ProgramTest.CheckBlockOnUniqueNumberInBuffer() in C:\Users\GigurdA\Dropbox\Programmesana\C#\3kurss\Console\Sudoku_Solver\TestSudokuSolver\ProgramTest.cs:line 100
</StackTrace>
        </ErrorInfo>
      </Output>
    </UnitTestResult>
  </Results>
</TestRun>