<?xml version="1.0" encoding="UTF-8"?>
<TestRun id="ac48cc5d-4133-48c5-a666-22e55b7b8ea4" name="GigurdA@GIGURDA-PC 2012-10-07 17:12:20" runUser="GigurdA-PC\GigurdA" xmlns="http://microsoft.com/schemas/VisualStudio/TeamTest/2010">
  <TestSettings name="Local" id="8cf9a588-b456-4c91-8377-342f185a80d4">
    <Description>These are default test settings for a local test run.</Description>
    <Deployment enabled="false" runDeploymentRoot="GigurdA_GIGURDA-PC 2012-10-07 17_12_20">
      <DeploymentItem filename="C:\Users\GigurdA\Dropbox\Programmesana\C#\3kurss\Console\Sudoku_Solver\Sudoku_Solver\bin\Debug\Sudoku_Solver.exe" />
    </Deployment>
    <Execution>
      <TestTypeSpecific />
      <AgentRule name="Execution Agents">
      </AgentRule>
    </Execution>
  </TestSettings>
  <Times creation="2012-10-07T17:12:20.4594192+03:00" queuing="2012-10-07T17:12:20.5062193+03:00" start="2012-10-07T17:12:20.5218193+03:00" finish="2012-10-07T17:12:20.8494199+03:00" />
  <ResultSummary outcome="Failed">
    <Counters total="1" executed="1" error="0" failed="1" timeout="0" aborted="0" inconclusive="0" passedButRunAborted="0" notRunnable="0" notExecuted="0" disconnected="0" warning="0" passed="0" completed="0" inProgress="0" pending="0" />
  </ResultSummary>
  <TestDefinitions>
    <UnitTest name="CheckEachRowForDuplicatesTest_DuplicatesFound_OnSeveralRows" storage="c:\users\gigurda\dropbox\programmesana\c#\3kurss\console\sudoku_solver\testsudokusolver\bin\debug\testsudokusolver.dll" id="f60660d1-b988-83c8-dce9-39ea89619685">
      <Execution id="1fc2ed7f-729a-438f-8470-fb2cb8a77c66" />
      <TestMethod codeBase="C:/Users/GigurdA/Dropbox/Programmesana/C#/3kurss/Console/Sudoku_Solver/TestSudokuSolver/bin/Debug/TestSudokuSolver.DLL" adapterTypeName="Microsoft.VisualStudio.TestTools.TestTypes.Unit.UnitTestAdapter, Microsoft.VisualStudio.QualityTools.Tips.UnitTest.Adapter, Version=10.0.0.0, Culture=neutral, PublicKeyToken=b03f5f7f11d50a3a" className="TestSudokuSolver.ProgramTest, TestSudokuSolver, Version=1.0.0.0, Culture=neutral, PublicKeyToken=null" name="CheckEachRowForDuplicatesTest_DuplicatesFound_OnSeveralRows" />
    </UnitTest>
  </TestDefinitions>
  <TestLists>
    <TestList name="Results Not in a List" id="8c84fa94-04c1-424b-9868-57a2d4851a1d" />
    <TestList name="All Loaded Results" id="19431567-8539-422a-85d7-44ee4e166bda" />
  </TestLists>
  <TestEntries>
    <TestEntry testId="f60660d1-b988-83c8-dce9-39ea89619685" executionId="1fc2ed7f-729a-438f-8470-fb2cb8a77c66" testListId="8c84fa94-04c1-424b-9868-57a2d4851a1d" />
  </TestEntries>
  <Results>
    <UnitTestResult executionId="1fc2ed7f-729a-438f-8470-fb2cb8a77c66" testId="f60660d1-b988-83c8-dce9-39ea89619685" testName="CheckEachRowForDuplicatesTest_DuplicatesFound_OnSeveralRows" computerName="GIGURDA-PC" duration="00:00:00.0389827" startTime="2012-10-07T17:12:20.5374194+03:00" endTime="2012-10-07T17:12:20.8026198+03:00" testType="13cdc9d9-ddb5-4fa4-a97d-d965ccfc6d4b" outcome="Failed" testListId="8c84fa94-04c1-424b-9868-57a2d4851a1d" relativeResultsDirectory="1fc2ed7f-729a-438f-8470-fb2cb8a77c66">
      <Output>
        <ErrorInfo>
          <Message>Assert.AreEqual failed. Expected:&lt;True&gt;. Actual:&lt;False&gt;. </Message>
          <StackTrace>   at TestSudokuSolver.ProgramTest.CheckEachRowForDuplicatesTest_DuplicatesFound_OnSeveralRows() in C:\Users\GigurdA\Dropbox\Programmesana\C#\3kurss\Console\Sudoku_Solver\TestSudokuSolver\ProgramTest.cs:line 104
</StackTrace>
        </ErrorInfo>
      </Output>
    </UnitTestResult>
  </Results>
</TestRun>