<?xml version="1.0" encoding="UTF-8"?>
<TestRun id="a006c0df-bd9e-419d-86b6-368a169bcd9a" name="GigurdA@GIGURDA-PC 2012-10-07 17:13:21" runUser="GigurdA-PC\GigurdA" xmlns="http://microsoft.com/schemas/VisualStudio/TeamTest/2010">
  <TestSettings name="Local" id="8cf9a588-b456-4c91-8377-342f185a80d4">
    <Description>These are default test settings for a local test run.</Description>
    <Deployment enabled="false" runDeploymentRoot="GigurdA_GIGURDA-PC 2012-10-07 17_13_21">
      <DeploymentItem filename="C:\Users\GigurdA\Dropbox\Programmesana\C#\3kurss\Console\Sudoku_Solver\Sudoku_Solver\bin\Debug\Sudoku_Solver.exe" />
    </Deployment>
    <Execution>
      <TestTypeSpecific />
      <AgentRule name="Execution Agents">
      </AgentRule>
    </Execution>
  </TestSettings>
  <Times creation="2012-10-07T17:13:21.2867581+03:00" queuing="2012-10-07T17:13:21.3491582+03:00" start="2012-10-07T17:13:21.3491582+03:00" finish="2012-10-07T17:13:21.9263592+03:00" />
  <ResultSummary outcome="Completed">
    <Counters total="3" executed="3" passed="3" error="0" failed="0" timeout="0" aborted="0" inconclusive="0" passedButRunAborted="0" notRunnable="0" notExecuted="0" disconnected="0" warning="0" completed="0" inProgress="0" pending="0" />
  </ResultSummary>
  <TestDefinitions>
    <UnitTest name="CheckEachRowForDuplicatesTest_Successfull" storage="c:\users\gigurda\dropbox\programmesana\c#\3kurss\console\sudoku_solver\testsudokusolver\bin\debug\testsudokusolver.dll" id="8c2c8bee-7a66-328b-6d70-ada4cac30e10">
      <Execution id="14cd8268-e6fe-41c8-99b2-08ebf05a60b7" />
      <TestMethod codeBase="C:/Users/GigurdA/Dropbox/Programmesana/C#/3kurss/Console/Sudoku_Solver/TestSudokuSolver/bin/Debug/TestSudokuSolver.DLL" adapterTypeName="Microsoft.VisualStudio.TestTools.TestTypes.Unit.UnitTestAdapter, Microsoft.VisualStudio.QualityTools.Tips.UnitTest.Adapter, Version=10.0.0.0, Culture=neutral, PublicKeyToken=b03f5f7f11d50a3a" className="TestSudokuSolver.ProgramTest, TestSudokuSolver, Version=1.0.0.0, Culture=neutral, PublicKeyToken=null" name="CheckEachRowForDuplicatesTest_Successfull" />
    </UnitTest>
    <UnitTest name="CheckEachRowForDuplicatesTest_DuplicatesFound_OnSeveralRows" storage="c:\users\gigurda\dropbox\programmesana\c#\3kurss\console\sudoku_solver\testsudokusolver\bin\debug\testsudokusolver.dll" id="f60660d1-b988-83c8-dce9-39ea89619685">
      <Execution id="f9f34022-ffe8-4d59-bd0f-0ce352e9e19c" />
      <TestMethod codeBase="C:/Users/GigurdA/Dropbox/Programmesana/C#/3kurss/Console/Sudoku_Solver/TestSudokuSolver/bin/Debug/TestSudokuSolver.DLL" adapterTypeName="Microsoft.VisualStudio.TestTools.TestTypes.Unit.UnitTestAdapter, Microsoft.VisualStudio.QualityTools.Tips.UnitTest.Adapter, Version=10.0.0.0, Culture=neutral, PublicKeyToken=b03f5f7f11d50a3a" className="TestSudokuSolver.ProgramTest, TestSudokuSolver, Version=1.0.0.0, Culture=neutral, PublicKeyToken=null" name="CheckEachRowForDuplicatesTest_DuplicatesFound_OnSeveralRows" />
    </UnitTest>
    <UnitTest name="CheckEachRowForDuplicatesTest_DuplicatesFound_OnOneRow" storage="c:\users\gigurda\dropbox\programmesana\c#\3kurss\console\sudoku_solver\testsudokusolver\bin\debug\testsudokusolver.dll" id="6b7a6402-fa1c-805c-71f6-8f51b79ff440">
      <Execution id="b0689704-f2c6-436f-87d7-9130dddd4019" />
      <TestMethod codeBase="C:/Users/GigurdA/Dropbox/Programmesana/C#/3kurss/Console/Sudoku_Solver/TestSudokuSolver/bin/Debug/TestSudokuSolver.DLL" adapterTypeName="Microsoft.VisualStudio.TestTools.TestTypes.Unit.UnitTestAdapter, Microsoft.VisualStudio.QualityTools.Tips.UnitTest.Adapter, Version=10.0.0.0, Culture=neutral, PublicKeyToken=b03f5f7f11d50a3a" className="TestSudokuSolver.ProgramTest, TestSudokuSolver, Version=1.0.0.0, Culture=neutral, PublicKeyToken=null" name="CheckEachRowForDuplicatesTest_DuplicatesFound_OnOneRow" />
    </UnitTest>
  </TestDefinitions>
  <TestLists>
    <TestList name="Results Not in a List" id="8c84fa94-04c1-424b-9868-57a2d4851a1d" />
    <TestList name="All Loaded Results" id="19431567-8539-422a-85d7-44ee4e166bda" />
  </TestLists>
  <TestEntries>
    <TestEntry testId="6b7a6402-fa1c-805c-71f6-8f51b79ff440" executionId="b0689704-f2c6-436f-87d7-9130dddd4019" testListId="8c84fa94-04c1-424b-9868-57a2d4851a1d" />
    <TestEntry testId="8c2c8bee-7a66-328b-6d70-ada4cac30e10" executionId="14cd8268-e6fe-41c8-99b2-08ebf05a60b7" testListId="8c84fa94-04c1-424b-9868-57a2d4851a1d" />
    <TestEntry testId="f60660d1-b988-83c8-dce9-39ea89619685" executionId="f9f34022-ffe8-4d59-bd0f-0ce352e9e19c" testListId="8c84fa94-04c1-424b-9868-57a2d4851a1d" />
  </TestEntries>
  <Results>
    <UnitTestResult executionId="b0689704-f2c6-436f-87d7-9130dddd4019" testId="6b7a6402-fa1c-805c-71f6-8f51b79ff440" testName="CheckEachRowForDuplicatesTest_DuplicatesFound_OnOneRow" computerName="GIGURDA-PC" duration="00:00:00.0224790" startTime="2012-10-07T17:13:21.3647582+03:00" endTime="2012-10-07T17:13:21.6143586+03:00" testType="13cdc9d9-ddb5-4fa4-a97d-d965ccfc6d4b" outcome="Passed" testListId="8c84fa94-04c1-424b-9868-57a2d4851a1d" relativeResultsDirectory="b0689704-f2c6-436f-87d7-9130dddd4019">
    </UnitTestResult>
    <UnitTestResult executionId="14cd8268-e6fe-41c8-99b2-08ebf05a60b7" testId="8c2c8bee-7a66-328b-6d70-ada4cac30e10" testName="CheckEachRowForDuplicatesTest_Successfull" computerName="GIGURDA-PC" duration="00:00:00.0232643" startTime="2012-10-07T17:13:21.6299587+03:00" endTime="2012-10-07T17:13:21.6611587+03:00" testType="13cdc9d9-ddb5-4fa4-a97d-d965ccfc6d4b" outcome="Passed" testListId="8c84fa94-04c1-424b-9868-57a2d4851a1d" relativeResultsDirectory="14cd8268-e6fe-41c8-99b2-08ebf05a60b7">
    </UnitTestResult>
    <UnitTestResult executionId="f9f34022-ffe8-4d59-bd0f-0ce352e9e19c" testId="f60660d1-b988-83c8-dce9-39ea89619685" testName="CheckEachRowForDuplicatesTest_DuplicatesFound_OnSeveralRows" computerName="GIGURDA-PC" duration="00:00:00.0005065" startTime="2012-10-07T17:13:21.8795591+03:00" endTime="2012-10-07T17:13:21.8795591+03:00" testType="13cdc9d9-ddb5-4fa4-a97d-d965ccfc6d4b" outcome="Passed" testListId="8c84fa94-04c1-424b-9868-57a2d4851a1d" relativeResultsDirectory="f9f34022-ffe8-4d59-bd0f-0ce352e9e19c">
    </UnitTestResult>
  </Results>
</TestRun>