<?xml version="1.0" encoding="UTF-8"?>
<TestRun id="291823b0-58f8-4c81-8b80-61d1ad103d16" name="GigurdA@GIGURDA-PC 2012-10-10 01:53:07" runUser="GigurdA-PC\GigurdA" xmlns="http://microsoft.com/schemas/VisualStudio/TeamTest/2010">
  <TestSettings name="Local" id="8cf9a588-b456-4c91-8377-342f185a80d4">
    <Description>These are default test settings for a local test run.</Description>
    <Deployment enabled="false" runDeploymentRoot="GigurdA_GIGURDA-PC 2012-10-10 01_53_07">
      <DeploymentItem filename="C:\Users\GigurdA\Dropbox\Programmesana\C#\3kurss\Console\Sudoku_Solver\Sudoku_Solver\bin\Release\Sudoku_Solver.exe" />
    </Deployment>
    <Execution>
      <TestTypeSpecific />
      <AgentRule name="Execution Agents">
      </AgentRule>
    </Execution>
  </TestSettings>
  <Times creation="2012-10-10T01:53:07.4124512+03:00" queuing="2012-10-10T01:53:07.4734547+03:00" start="2012-10-10T01:53:07.5084567+03:00" finish="2012-10-10T01:53:07.9964846+03:00" />
  <ResultSummary outcome="Failed">
    <Counters total="1" executed="1" error="0" failed="1" timeout="0" aborted="0" inconclusive="0" passedButRunAborted="0" notRunnable="0" notExecuted="0" disconnected="0" warning="0" passed="0" completed="0" inProgress="0" pending="0" />
  </ResultSummary>
  <TestDefinitions>
    <UnitTest name="CheckBlockOnUniqueNumberInBuffer" storage="c:\users\gigurda\dropbox\programmesana\c#\3kurss\console\sudoku_solver\testsudokusolver\bin\release\testsudokusolver.dll" id="3f5bcb43-510b-7191-8617-86a7f6a69e9c">
      <Execution id="125b660e-82ed-4dda-8ea3-feaaaba30ef1" />
      <TestMethod codeBase="C:/Users/GigurdA/Dropbox/Programmesana/C#/3kurss/Console/Sudoku_Solver/TestSudokuSolver/bin/Release/TestSudokuSolver.DLL" adapterTypeName="Microsoft.VisualStudio.TestTools.TestTypes.Unit.UnitTestAdapter, Microsoft.VisualStudio.QualityTools.Tips.UnitTest.Adapter, Version=10.0.0.0, Culture=neutral, PublicKeyToken=b03f5f7f11d50a3a" className="TestSudokuSolver.ProgramTest, TestSudokuSolver, Version=1.0.0.0, Culture=neutral, PublicKeyToken=null" name="CheckBlockOnUniqueNumberInBuffer" />
    </UnitTest>
  </TestDefinitions>
  <TestLists>
    <TestList name="Results Not in a List" id="8c84fa94-04c1-424b-9868-57a2d4851a1d" />
    <TestList name="All Loaded Results" id="19431567-8539-422a-85d7-44ee4e166bda" />
  </TestLists>
  <TestEntries>
    <TestEntry testId="3f5bcb43-510b-7191-8617-86a7f6a69e9c" executionId="125b660e-82ed-4dda-8ea3-feaaaba30ef1" testListId="8c84fa94-04c1-424b-9868-57a2d4851a1d" />
  </TestEntries>
  <Results>
    <UnitTestResult executionId="125b660e-82ed-4dda-8ea3-feaaaba30ef1" testId="3f5bcb43-510b-7191-8617-86a7f6a69e9c" testName="CheckBlockOnUniqueNumberInBuffer" computerName="GIGURDA-PC" duration="00:00:00.0804039" startTime="2012-10-10T01:53:07.5254577+03:00" endTime="2012-10-10T01:53:07.8384756+03:00" testType="13cdc9d9-ddb5-4fa4-a97d-d965ccfc6d4b" outcome="Failed" testListId="8c84fa94-04c1-424b-9868-57a2d4851a1d" relativeResultsDirectory="125b660e-82ed-4dda-8ea3-feaaaba30ef1">
      <Output>
        <ErrorInfo>
          <Message>Test method TestSudokuSolver.ProgramTest.CheckBlockOnUniqueNumberInBuffer threw exception: 
System.ArgumentOutOfRangeException: Index was out of range. Must be non-negative and less than the size of the collection.
Parameter name: index</Message>
          <StackTrace>    at System.Collections.ArrayList.get_Item(Int32 index)
   at Sudoku_Solver.Program.FindUniqueNumberInBlockNumbersBuffer(Block block) in C:\Users\GigurdA\Dropbox\Programmesana\C#\3kurss\Console\Sudoku_Solver\Sudoku_Solver\Program.cs:line 295
   at TestSudokuSolver.ProgramTest.CheckBlockOnUniqueNumberInBuffer() in C:\Users\GigurdA\Dropbox\Programmesana\C#\3kurss\Console\Sudoku_Solver\TestSudokuSolver\ProgramTest.cs:line 73
</StackTrace>
        </ErrorInfo>
      </Output>
    </UnitTestResult>
  </Results>
</TestRun>