<?xml version="1.0" encoding="UTF-8"?>
<TestRun id="c4063f72-4811-420d-b2af-64826a9c6de3" name="GigurdA@GIGURDA-PC 2012-10-10 01:58:35" runUser="GigurdA-PC\GigurdA" xmlns="http://microsoft.com/schemas/VisualStudio/TeamTest/2010">
  <TestSettings name="Local" id="8cf9a588-b456-4c91-8377-342f185a80d4">
    <Description>These are default test settings for a local test run.</Description>
    <Deployment enabled="false" runDeploymentRoot="GigurdA_GIGURDA-PC 2012-10-10 01_58_35">
      <DeploymentItem filename="C:\Users\GigurdA\Dropbox\Programmesana\C#\3kurss\Console\Sudoku_Solver\Sudoku_Solver\bin\Release\Sudoku_Solver.exe" />
    </Deployment>
    <Execution>
      <TestTypeSpecific />
      <AgentRule name="Execution Agents">
      </AgentRule>
    </Execution>
  </TestSettings>
  <Times creation="2012-10-10T01:58:35.9602431+03:00" queuing="2012-10-10T01:58:38.1383677+03:00" start="2012-10-10T01:58:38.2733754+03:00" finish="2012-10-10T01:58:51.5061323+03:00" />
  <ResultSummary outcome="Error">
    <Counters total="4" executed="1" error="0" failed="0" timeout="0" aborted="1" inconclusive="0" passedButRunAborted="0" notRunnable="0" notExecuted="3" disconnected="0" warning="0" passed="0" completed="0" inProgress="0" pending="0" />
    <RunInfos>
      <RunInfo computerName="GIGURDA-PC" outcome="Error" timestamp="2012-10-10T01:58:51.5041321+03:00">
        <Text>Test host process exited unexpectedly.</Text>
      </RunInfo>
    </RunInfos>
  </ResultSummary>
  <TestDefinitions>
    <UnitTest name="CheckEachRowForDuplicatesTest_Successfull" storage="c:\users\gigurda\dropbox\programmesana\c#\3kurss\console\sudoku_solver\testsudokusolver\bin\release\testsudokusolver.dll" id="8c2c8bee-7a66-328b-6d70-ada4cac30e10">
      <Execution id="81247b02-665b-43a7-b4d6-9a0d778130f9" />
      <TestMethod codeBase="C:/Users/GigurdA/Dropbox/Programmesana/C#/3kurss/Console/Sudoku_Solver/TestSudokuSolver/bin/Release/TestSudokuSolver.DLL" adapterTypeName="Microsoft.VisualStudio.TestTools.TestTypes.Unit.UnitTestAdapter, Microsoft.VisualStudio.QualityTools.Tips.UnitTest.Adapter, Version=10.0.0.0, Culture=neutral, PublicKeyToken=b03f5f7f11d50a3a" className="TestSudokuSolver.ProgramTest, TestSudokuSolver, Version=1.0.0.0, Culture=neutral, PublicKeyToken=null" name="CheckEachRowForDuplicatesTest_Successfull" />
    </UnitTest>
    <UnitTest name="CheckEachRowForDuplicatesTest_DuplicatesFound_OnSeveralRows" storage="c:\users\gigurda\dropbox\programmesana\c#\3kurss\console\sudoku_solver\testsudokusolver\bin\release\testsudokusolver.dll" id="f60660d1-b988-83c8-dce9-39ea89619685">
      <Execution id="be95b337-6285-4834-ac65-652b33f64d7c" />
      <TestMethod codeBase="C:/Users/GigurdA/Dropbox/Programmesana/C#/3kurss/Console/Sudoku_Solver/TestSudokuSolver/bin/Release/TestSudokuSolver.DLL" adapterTypeName="Microsoft.VisualStudio.TestTools.TestTypes.Unit.UnitTestAdapter, Microsoft.VisualStudio.QualityTools.Tips.UnitTest.Adapter, Version=10.0.0.0, Culture=neutral, PublicKeyToken=b03f5f7f11d50a3a" className="TestSudokuSolver.ProgramTest, TestSudokuSolver, Version=1.0.0.0, Culture=neutral, PublicKeyToken=null" name="CheckEachRowForDuplicatesTest_DuplicatesFound_OnSeveralRows" />
    </UnitTest>
    <UnitTest name="CheckBlockOnUniqueNumberInBuffer" storage="c:\users\gigurda\dropbox\programmesana\c#\3kurss\console\sudoku_solver\testsudokusolver\bin\release\testsudokusolver.dll" id="3f5bcb43-510b-7191-8617-86a7f6a69e9c">
      <Execution id="df656cc2-2762-46d1-8c95-7690c8e0702a" />
      <TestMethod codeBase="C:/Users/GigurdA/Dropbox/Programmesana/C#/3kurss/Console/Sudoku_Solver/TestSudokuSolver/bin/Release/TestSudokuSolver.DLL" adapterTypeName="Microsoft.VisualStudio.TestTools.TestTypes.Unit.UnitTestAdapter, Microsoft.VisualStudio.QualityTools.Tips.UnitTest.Adapter, Version=10.0.0.0, Culture=neutral, PublicKeyToken=b03f5f7f11d50a3a" className="TestSudokuSolver.ProgramTest, TestSudokuSolver, Version=1.0.0.0, Culture=neutral, PublicKeyToken=null" name="CheckBlockOnUniqueNumberInBuffer" />
    </UnitTest>
    <UnitTest name="CheckEachRowForDuplicatesTest_DuplicatesFound_OnOneRow" storage="c:\users\gigurda\dropbox\programmesana\c#\3kurss\console\sudoku_solver\testsudokusolver\bin\release\testsudokusolver.dll" id="6b7a6402-fa1c-805c-71f6-8f51b79ff440">
      <Execution id="193de451-47c2-4ca1-8bc8-5e6534c29fab" />
      <TestMethod codeBase="C:/Users/GigurdA/Dropbox/Programmesana/C#/3kurss/Console/Sudoku_Solver/TestSudokuSolver/bin/Release/TestSudokuSolver.DLL" adapterTypeName="Microsoft.VisualStudio.TestTools.TestTypes.Unit.UnitTestAdapter, Microsoft.VisualStudio.QualityTools.Tips.UnitTest.Adapter, Version=10.0.0.0, Culture=neutral, PublicKeyToken=b03f5f7f11d50a3a" className="TestSudokuSolver.ProgramTest, TestSudokuSolver, Version=1.0.0.0, Culture=neutral, PublicKeyToken=null" name="CheckEachRowForDuplicatesTest_DuplicatesFound_OnOneRow" />
    </UnitTest>
  </TestDefinitions>
  <TestLists>
    <TestList name="Results Not in a List" id="8c84fa94-04c1-424b-9868-57a2d4851a1d" />
    <TestList name="All Loaded Results" id="19431567-8539-422a-85d7-44ee4e166bda" />
  </TestLists>
  <TestEntries>
    <TestEntry testId="3f5bcb43-510b-7191-8617-86a7f6a69e9c" executionId="df656cc2-2762-46d1-8c95-7690c8e0702a" testListId="8c84fa94-04c1-424b-9868-57a2d4851a1d" />
    <TestEntry testId="6b7a6402-fa1c-805c-71f6-8f51b79ff440" executionId="193de451-47c2-4ca1-8bc8-5e6534c29fab" testListId="8c84fa94-04c1-424b-9868-57a2d4851a1d" />
    <TestEntry testId="8c2c8bee-7a66-328b-6d70-ada4cac30e10" executionId="81247b02-665b-43a7-b4d6-9a0d778130f9" testListId="8c84fa94-04c1-424b-9868-57a2d4851a1d" />
    <TestEntry testId="f60660d1-b988-83c8-dce9-39ea89619685" executionId="be95b337-6285-4834-ac65-652b33f64d7c" testListId="8c84fa94-04c1-424b-9868-57a2d4851a1d" />
  </TestEntries>
  <Results>
    <UnitTestResult executionId="df656cc2-2762-46d1-8c95-7690c8e0702a" testId="3f5bcb43-510b-7191-8617-86a7f6a69e9c" testName="CheckBlockOnUniqueNumberInBuffer" computerName="GIGURDA-PC" duration="00:00:13.1687532" startTime="2012-10-10T01:58:38.3363790+03:00" endTime="2012-10-10T01:58:51.5051322+03:00" testType="13cdc9d9-ddb5-4fa4-a97d-d965ccfc6d4b" outcome="Aborted" testListId="8c84fa94-04c1-424b-9868-57a2d4851a1d" relativeResultsDirectory="df656cc2-2762-46d1-8c95-7690c8e0702a">
    </UnitTestResult>
    <UnitTestResult executionId="193de451-47c2-4ca1-8bc8-5e6534c29fab" testId="6b7a6402-fa1c-805c-71f6-8f51b79ff440" testName="CheckEachRowForDuplicatesTest_DuplicatesFound_OnOneRow" computerName="GIGURDA-PC" testType="13cdc9d9-ddb5-4fa4-a97d-d965ccfc6d4b" outcome="NotExecuted" testListId="8c84fa94-04c1-424b-9868-57a2d4851a1d" relativeResultsDirectory="193de451-47c2-4ca1-8bc8-5e6534c29fab">
    </UnitTestResult>
    <UnitTestResult executionId="81247b02-665b-43a7-b4d6-9a0d778130f9" testId="8c2c8bee-7a66-328b-6d70-ada4cac30e10" testName="CheckEachRowForDuplicatesTest_Successfull" computerName="GIGURDA-PC" testType="13cdc9d9-ddb5-4fa4-a97d-d965ccfc6d4b" outcome="NotExecuted" testListId="8c84fa94-04c1-424b-9868-57a2d4851a1d" relativeResultsDirectory="81247b02-665b-43a7-b4d6-9a0d778130f9">
    </UnitTestResult>
    <UnitTestResult executionId="be95b337-6285-4834-ac65-652b33f64d7c" testId="f60660d1-b988-83c8-dce9-39ea89619685" testName="CheckEachRowForDuplicatesTest_DuplicatesFound_OnSeveralRows" computerName="GIGURDA-PC" testType="13cdc9d9-ddb5-4fa4-a97d-d965ccfc6d4b" outcome="NotExecuted" testListId="8c84fa94-04c1-424b-9868-57a2d4851a1d" relativeResultsDirectory="be95b337-6285-4834-ac65-652b33f64d7c">
    </UnitTestResult>
  </Results>
</TestRun>